<?xml version="1.0" encoding="UTF-8"?>
<!-- Generated by org.testng.reporters.JUnitReportReporter -->
<testsuite hostname="DESKTOP-M95R1NL" failures="0" tests="1" name="testcases.Homepage_testcases" time="2.288" errors="0" timestamp="26 Sep 2021 22:24:55 GMT" skipped="0">
  <testcase classname="testcases.Homepage_testcases" name="search_done_by_button" time="2.288"/>
</testsuite> <!-- testcases.Homepage_testcases -->
