<?xml version="1.0" encoding="UTF-8"?>
<!-- Generated by org.testng.reporters.JUnitReportReporter -->
<testsuite hostname="DESKTOP-M95R1NL" failures="0" tests="1" name="testcases.Search_testcases" time="3.053" errors="0" timestamp="26 Sep 2021 22:44:47 GMT" skipped="0">
  <testcase classname="testcases.Search_testcases" name="timeOfResults_displayed" time="3.053"/>
</testsuite> <!-- testcases.Search_testcases -->
